[2025-02-25 09:57:14] INFO: User nigel logged in successfully from IP ::1
[2025-02-25 09:57:43] INFO: New post inserted with post_id: 1 by user nigel
[2025-02-25 09:58:35] INFO: Post with ID 1 deleted successfully by user nigel
[2025-02-25 10:00:07] WARN: Login attempt for non-existent user: potat
[2025-02-25 10:01:31] WARN: Login attempt for non-existent user: potat
[2025-02-25 10:01:41] INFO: User nigel logged in successfully from IP ::1
[2025-02-25 10:02:00] INFO: User nigel logged in successfully from IP ::1
[2025-02-25 10:02:05] INFO: New post inserted with post_id: 2 by user nigel
[2025-02-25 10:02:50] ERROR: Database error during login for user nigel, IP: ::1: Can't add new command when connection is in closed state
[2025-02-25 14:04:31] WARN: Login attempt for non-existent user: potat
[2025-02-25 14:04:49] WARN: Login attempt for non-existent user: potat
[2025-02-25 14:44:38] INFO: User nigel121 logged in successfully from IP ::1
[2025-02-25 15:02:20] INFO: User nigel121 logged in successfully from IP ::1
[2025-02-25 16:19:36] WARN: Login attempt for non-existent user: potat
[2025-02-25 16:20:33] INFO: User nigel121 logged in successfully from IP ::1
[2025-02-25 16:25:43] INFO: User chantal logged in successfully from IP ::1
[2025-02-25 16:25:46] INFO: User chantal logged out.
[2025-02-25 16:26:03] INFO: User nigel121a logged in successfully from IP ::1
[2025-02-25 16:27:00] INFO: User chantal1 logged in successfully from IP ::1
[2025-02-27 10:08:00] INFO: User tay logged in successfully from IP ::1
[2025-02-27 10:13:25] INFO: User tay1 logged in successfully from IP ::1
[2025-02-27 10:16:02] INFO: User tay1 logged in successfully from IP ::1
[2025-02-27 10:33:07] INFO: User tay1 logged in successfully from IP ::1
[2025-02-27 10:33:38] INFO: User tay1 logged in successfully from IP ::1
[2025-02-27 10:34:39] INFO: User tay1 logged in successfully from IP ::1
[2025-02-27 10:35:14] INFO: User tay1 logged in successfully from IP ::1
[2025-02-27 10:37:40] INFO: User tay1 logged in successfully from IP ::1
[2025-02-27 10:39:26] INFO: User tay1 logged in successfully from IP ::1
[2025-02-27 10:39:55] INFO: User tay1 logged in successfully from IP ::1
[2025-02-27 10:43:09] INFO: User tay1 logged in successfully from IP ::1
[2025-02-27 10:47:42] INFO: User tay1 logged in successfully from IP ::1
[2025-02-27 10:49:33] INFO: User tay1 logged in successfully from IP ::1
[2025-02-27 10:50:30] INFO: User tay1 logged in successfully from IP ::1
[2025-02-27 10:50:57] INFO: User tay1 logged in successfully from IP ::1
[2025-02-27 10:53:57] INFO: User tay1 logged in successfully from IP ::1
[2025-02-27 10:54:19] INFO: User tay1 logged out.
[2025-02-27 11:00:24] INFO: User tay1 logged in successfully from IP ::1
[2025-02-27 11:05:29] INFO: User tay1 logged in successfully from IP ::1
[2025-02-27 11:09:08] WARN: Failed login attempt for user tay1 from IP ::1
[2025-02-27 11:09:13] INFO: User tay1 logged in successfully from IP ::1
[2025-02-27 11:11:54] INFO: User tay12 logged in successfully from IP ::1
[2025-02-27 11:15:21] INFO: User MamaMO logged in successfully from IP ::1
[2025-02-27 11:15:50] INFO: New post inserted with post_id: 3 by user MamaMO
[2025-02-27 11:16:18] INFO: Post with ID 3 deleted successfully by user MamaMO
[2025-02-27 13:59:16] INFO: User tay1 logged in successfully from IP ::1
[2025-03-14 08:27:32] INFO: User admin201 logged in successfully from IP ::1
[2025-03-14 08:28:54] INFO: User admin201 logged out.
[2025-03-14 08:29:27] WARN: Login attempt for non-existent user: ais
[2025-03-14 08:29:38] WARN: Login attempt for non-existent user: ais
[2025-03-14 08:29:58] INFO: User kewk logged in successfully from IP ::1
[2025-03-14 08:30:14] INFO: New post inserted with post_id: 1 by user kewk
[2025-03-14 08:30:18] INFO: User kewk logged out.
[2025-03-14 08:30:26] INFO: User admin201 logged in successfully from IP ::1
[2025-03-14 08:32:20] INFO: User admin201 logged out.
[2025-03-14 08:32:28] INFO: User admin201 logged in successfully from IP ::1
[2025-03-14 08:36:49] INFO: User admin201 logged out.
[2025-03-14 08:37:07] INFO: User admin201 logged in successfully from IP ::1
[2025-03-14 08:38:32] INFO: User admin201 logged out.
[2025-03-14 08:38:45] INFO: User admin201 logged in successfully from IP ::1
[2025-03-14 08:40:52] INFO: User admin201 logged out.
[2025-03-14 08:41:02] INFO: User admin201 logged in successfully from IP ::1
[2025-03-14 08:41:59] INFO: User admin201 logged out.
[2025-03-14 08:42:07] INFO: User admin201 logged in successfully from IP ::1
[2025-03-14 08:44:45] INFO: User admin201 logged out.
[2025-03-14 08:44:54] INFO: User admin201 logged in successfully from IP ::1
[2025-03-14 08:49:43] INFO: User admin201 logged out.
[2025-03-14 08:49:50] INFO: User admin201 logged in successfully from IP ::1
[2025-03-14 08:50:48] INFO: User admin201 logged out.
[2025-03-14 08:50:53] INFO: User admin201 logged in successfully from IP ::1
[2025-03-14 08:54:08] INFO: User admin201 logged out.
[2025-03-14 08:54:13] INFO: User admin201 logged in successfully from IP ::1
[2025-03-14 08:56:55] INFO: User 2 deleted successfully by admin
[2025-03-14 08:57:14] INFO: User admin201 logged out.
[2025-03-14 08:57:52] INFO: User kewk logged in successfully from IP ::1
[2025-03-14 08:58:00] INFO: New post inserted with post_id: 2 by user kewk
[2025-03-14 08:58:04] INFO: User kewk logged out.
[2025-03-14 08:58:10] INFO: User admin201 logged in successfully from IP ::1
[2025-03-14 08:58:20] INFO: User 3 deleted successfully by admin
[2025-03-14 09:05:03] INFO: User admin201 logged out.
[2025-03-14 13:03:38] INFO: User shawn logged in successfully from IP ::1
[2025-03-14 13:03:57] INFO: New post inserted with post_id: 1 by user shawn
[2025-03-14 13:04:01] INFO: User shawn logged out.
[2025-03-14 13:05:08] INFO: User admin201 logged in successfully from IP ::1
[2025-03-14 13:05:13] INFO: User 2 deleted successfully by admin
[2025-03-14 13:05:15] INFO: User admin201 logged out.
[2025-03-14 13:12:58] INFO: User admin201 logged in successfully from IP ::1
[2025-03-14 13:13:03] INFO: User admin201 logged out.
[2025-03-14 13:17:01] INFO: User nig logged in successfully from IP ::1
[2025-03-14 13:17:08] INFO: New post inserted with post_id: 2 by user nig
[2025-03-14 13:18:13] INFO: User nig logged out.
[2025-03-14 13:18:22] INFO: User admin201 logged in successfully from IP ::1
[2025-03-14 13:18:35] INFO: Post with ID 2 updated successfully by user admin201
[2025-03-14 13:18:35] INFO: Post with ID 2 updated successfully by user admin201
[2025-03-14 13:18:39] INFO: User admin201 logged out.
[2025-03-14 13:18:43] INFO: User nig logged in successfully from IP ::1
[2025-03-14 13:19:26] INFO: Post with ID 2 deleted successfully by user nig
